android/build/intermediates/manifest_merge_blame_file/release/manifest-merger-blame-release-report.txt
1<?xml version="1.0" encoding="utf-8"?>
2<manifest xmlns:android="http://schemas.android.com/apk/res/android"
3    package="com.sergioapps.infomagnet.infomagnet"
4    android:versionCode="1"
5    android:versionName="1.0" >
6
7    <uses-sdk
8        android:minSdkVersion="21"
8-->src\main\AndroidManifest.xml
9        android:targetSdkVersion="29" />
9-->src\main\AndroidManifest.xml
10
11    <uses-permission android:name="android.permission.ACCESS_NETWORK_STATE" />
11-->src\main\AndroidManifest.xml:5:7-81
11-->src\main\AndroidManifest.xml:5:24-78
12    <uses-permission android:name="android.permission.READ_PHONE_NUMBERS" />
12-->src\main\AndroidManifest.xml:6:7-79
12-->src\main\AndroidManifest.xml:6:24-76
13
14</manifest>